  COMP371Helper.cpp
C:\Users\Rubiat Zaman\Documents\GitHub\Comp371Group\Comp371\Lab_Framework\Source\OBJloaderV2.h(22,9): warning C4996: 'fopen': This function or variable may be unsafe. Consider using fopen_s instead. To disable deprecation, use _CRT_SECURE_NO_WARNINGS. See online help for details.
C:\Users\Rubiat Zaman\Documents\GitHub\Comp371Group\Comp371\Lab_Framework\Source\OBJloaderV2.h(33,13): warning C4996: 'fscanf': This function or variable may be unsafe. Consider using fscanf_s instead. To disable deprecation, use _CRT_SECURE_NO_WARNINGS. See online help for details.
C:\Users\Rubiat Zaman\Documents\GitHub\Comp371Group\Comp371\Lab_Framework\Source\OBJloaderV2.h(41,10): warning C4996: 'fscanf': This function or variable may be unsafe. Consider using fscanf_s instead. To disable deprecation, use _CRT_SECURE_NO_WARNINGS. See online help for details.
C:\Users\Rubiat Zaman\Documents\GitHub\Comp371Group\Comp371\Lab_Framework\Source\OBJloaderV2.h(47,10): warning C4996: 'fscanf': This function or variable may be unsafe. Consider using fscanf_s instead. To disable deprecation, use _CRT_SECURE_NO_WARNINGS. See online help for details.
C:\Users\Rubiat Zaman\Documents\GitHub\Comp371Group\Comp371\Lab_Framework\Source\OBJloaderV2.h(56,10): warning C4996: 'fscanf': This function or variable may be unsafe. Consider using fscanf_s instead. To disable deprecation, use _CRT_SECURE_NO_WARNINGS. See online help for details.
C:\Users\Rubiat Zaman\Documents\GitHub\Comp371Group\Comp371\Lab_Framework\Source\OBJloaderV2.h(74,24): warning C4996: 'sscanf': This function or variable may be unsafe. Consider using sscanf_s instead. To disable deprecation, use _CRT_SECURE_NO_WARNINGS. See online help for details.
C:\Users\Rubiat Zaman\Documents\GitHub\Comp371Group\Comp371\Lab_Framework\Source\OBJloaderV2.h(77,24): warning C4996: 'sscanf': This function or variable may be unsafe. Consider using sscanf_s instead. To disable deprecation, use _CRT_SECURE_NO_WARNINGS. See online help for details.
C:\Users\Rubiat Zaman\Documents\GitHub\Comp371Group\Comp371\Lab_Framework\Source\OBJloaderV2.h(80,25): warning C4996: 'sscanf': This function or variable may be unsafe. Consider using sscanf_s instead. To disable deprecation, use _CRT_SECURE_NO_WARNINGS. See online help for details.
C:\Users\Rubiat Zaman\Documents\GitHub\Comp371Group\Comp371\Lab_Framework\Source\OBJloaderV2.h(83,29): warning C4996: 'sscanf': This function or variable may be unsafe. Consider using sscanf_s instead. To disable deprecation, use _CRT_SECURE_NO_WARNINGS. See online help for details.
C:\Users\Rubiat Zaman\Documents\GitHub\Comp371Group\Comp371\Lab_Framework\Source\COMP371Helper.cpp(546,50): warning C4305: 'initializing': truncation from 'double' to 'float'
C:\Users\Rubiat Zaman\Documents\GitHub\Comp371Group\Comp371\Lab_Framework\Source\COMP371Helper.cpp(547,48): warning C4305: 'initializing': truncation from 'double' to 'float'
  lab01.cpp
C:\Users\Rubiat Zaman\Documents\GitHub\Comp371Group\Comp371\Lab_Framework\Source\lab01.cpp(158,22): warning C4244: 'initializing': conversion from 'double' to 'float', possible loss of data
C:\Users\Rubiat Zaman\Documents\GitHub\Comp371Group\Comp371\Lab_Framework\Source\lab01.cpp(204,12): warning C4244: 'initializing': conversion from 'double' to 'float', possible loss of data
C:\Users\Rubiat Zaman\Documents\GitHub\Comp371Group\Comp371\Lab_Framework\Source\lab01.cpp(290,21): warning C4018: '<': signed/unsigned mismatch
C:\Users\Rubiat Zaman\Documents\GitHub\Comp371Group\Comp371\Lab_Framework\Source\lab01.cpp(326,56): warning C4244: '-=': conversion from 'double' to 'float', possible loss of data
C:\Users\Rubiat Zaman\Documents\GitHub\Comp371Group\Comp371\Lab_Framework\Source\lab01.cpp(327,56): warning C4244: '-=': conversion from 'double' to 'float', possible loss of data
C:\Users\Rubiat Zaman\Documents\GitHub\Comp371Group\Comp371\Lab_Framework\Source\lab01.cpp(361,22): warning C4018: '<': signed/unsigned mismatch
C:\Users\Rubiat Zaman\Documents\GitHub\Comp371Group\Comp371\Lab_Framework\Source\lab01.cpp(373,22): warning C4018: '<': signed/unsigned mismatch
C:\Users\Rubiat Zaman\Documents\GitHub\Comp371Group\Comp371\Lab_Framework\Source\lab01.cpp(386,22): warning C4018: '<': signed/unsigned mismatch
C:\Users\Rubiat Zaman\Documents\GitHub\Comp371Group\Comp371\Lab_Framework\Source\lab01.cpp(399,22): warning C4018: '<': signed/unsigned mismatch
  Model.cpp
  Particles.cpp
  PerlinNoise.cpp
  Generating Code...
LINK : warning LNK4098: defaultlib 'LIBCMT' conflicts with use of other libs; use /NODEFAULTLIB:library
LINK : warning LNK4098: defaultlib 'MSVCRT' conflicts with use of other libs; use /NODEFAULTLIB:library
glew32s.lib(glew.obj) : warning LNK4099: PDB 'vc120.pdb' was not found with 'glew32s.lib(glew.obj)' or at 'C:\Users\Rubiat Zaman\Documents\GitHub\Comp371Group\Comp371\Lab_Framework\Bin\vc120.pdb'; linking object as if no debug info
  Labs.vcxproj -> C:\Users\Rubiat Zaman\Documents\GitHub\Comp371Group\Comp371\Lab_Framework\VS2017\/../Bin/Labs-Debug.exe
